Arguments: 
  C:\Program Files\nodejs\node.exe C:\Users\aakanksha\AppData\Roaming\npm\node_modules\yarn\bin\yarn.js add …

PATH: 
  C:\Program Files\Python39\Scripts\;C:\Program Files\Python39\;C:\Program Files (x86)\Common Files\Oracle\Java\javapath;C:\Program Files\Java\jdk-17.0.1\bin;C:\Program Files\Java\jre1.8.0_251\bin;C:\Program Files\nodejs\;C:\Program Files\Git\cmd;C:\Program Files\Java\jdk-17.0.1\bin;C:\Users\aakanksha\AppData\Local\GitHubDesktop\bin;C:\Users\aakanksha\AppData\Local\Programs\Microsoft VS Code\bin;C:\Users\aakanksha\AppData\Roaming\npm

Yarn version: 
  1.22.19

Node version: 
  16.15.1

Platform: 
  win32 x64

Trace: 
  Error: getaddrinfo ENOTFOUND registry.yarnpkg.com
      at GetAddrInfoReqWrap.onlookup [as oncomplete] (node:dns:71:26)

npm manifest: 
  {
    "name": "abc",
    "version": "0.1.0",
    "private": true,
    "scripts": {
      "dev": "next dev",
      "build": "next build",
      "start": "next start",
      "lint": "next lint"
    },
    "dependencies": {
      "axios": "^1.1.3",
      "next": "13.0.0",
      "react": "18.2.0",
      "react-dom": "18.2.0"
    },
    "devDependencies": {
      "autoprefixer": "^10.4.12",
      "eslint": "8.26.0",
      "eslint-config-next": "13.0.0",
      "postcss": "^8.4.18",
      "tailwindcss": "^3.2.1"
    }
  }

yarn manifest: 
  No manifest

Lockfile: 
  No lockfile
